<?xml version="1.0" encoding="UTF-8"?>
<testsuite name="GetNetAddressTest" tests="6" skipped="0" failures="0" errors="0" timestamp="2018-10-28T18:45:19" hostname="Asus" time="0.026">
  <properties/>
  <testcase name="testSolution" classname="GetNetAddressTest" time="0.012"/>
  <testcase name="testOneArgument" classname="GetNetAddressTest" time="0.001"/>
  <testcase name="testNoArguments" classname="GetNetAddressTest" time="0.001"/>
  <testcase name="testWrongIpArgument" classname="GetNetAddressTest" time="0.002"/>
  <testcase name="testThreeArgument" classname="GetNetAddressTest" time="0.0"/>
  <testcase name="testWrongMaskArgument" classname="GetNetAddressTest" time="0.009"/>
  <system-out><![CDATA[]]></system-out>
  <system-err><![CDATA[]]></system-err>
</testsuite>
