<?xml version="1.0" encoding="UTF-8"?>
<testsuite name="TypesTableTest" tests="1" skipped="0" failures="0" errors="0" timestamp="2018-10-28T18:58:55" hostname="Asus" time="0.015">
  <properties/>
  <testcase name="testSolution1" classname="TypesTableTest" time="0.015"/>
  <system-out><![CDATA[]]></system-out>
  <system-err><![CDATA[]]></system-err>
</testsuite>
