<?xml version="1.0" encoding="UTF-8"?>
<testsuite name="PasswordGeneratorTest" tests="5" skipped="0" failures="0" errors="0" timestamp="2018-10-28T18:58:03" hostname="Asus" time="0.014">
  <properties/>
  <testcase name="testWrongArguments" classname="PasswordGeneratorTest" time="0.007"/>
  <testcase name="testSolution1" classname="PasswordGeneratorTest" time="0.003"/>
  <testcase name="testSolution2" classname="PasswordGeneratorTest" time="0.001"/>
  <testcase name="testSolution3" classname="PasswordGeneratorTest" time="0.001"/>
  <testcase name="testSolution4" classname="PasswordGeneratorTest" time="0.0"/>
  <system-out><![CDATA[]]></system-out>
  <system-err><![CDATA[]]></system-err>
</testsuite>
