<?xml version="1.0" encoding="UTF-8"?>
<testsuite name="CaesarCipherTest" tests="2" skipped="0" failures="0" errors="0" timestamp="2018-10-28T18:54:12" hostname="Asus" time="0.017">
  <properties/>
  <testcase name="testWrongArguments" classname="CaesarCipherTest" time="0.008"/>
  <testcase name="testSolution" classname="CaesarCipherTest" time="0.009"/>
  <system-out><![CDATA[]]></system-out>
  <system-err><![CDATA[]]></system-err>
</testsuite>
